[2022-05-23T06:09:35.197Z] Validating found git in: git
[2022-05-23T06:09:36.956Z] Using git 2.30.2 from git
[2022-05-23T06:12:37.100Z] > git rev-parse --show-toplevel [67ms]
[2022-05-23T06:12:37.986Z] > git rev-parse --git-dir --git-common-dir [852ms]
[2022-05-23T06:12:38.041Z] Open repository: /home/amrit123dahal/Class12ComputerContent
[2022-05-23T06:12:38.110Z] > git status -z -uall [14ms]
[2022-05-23T06:12:38.137Z] > git symbolic-ref --short HEAD [13ms]
[2022-05-23T06:12:38.170Z] > git for-each-ref --format=%(refname)%00%(upstream:short)%00%(objectname)%00%(upstream:track)%00%(upstream:remotename)%00%(upstream:remoteref) refs/heads/main refs/remotes/main [10ms]
[2022-05-23T06:12:38.224Z] > git for-each-ref --sort -committerdate --format %(refname) %(objectname) %(*objectname) [42ms]
[2022-05-23T06:12:38.235Z] > git remote --verbose [16ms]
[2022-05-23T06:12:38.263Z] > git config --get commit.template [8ms]
[2022-05-23T06:12:39.280Z] > git show --textconv :Chapter5.html [23ms]
[2022-05-23T06:12:39.283Z] > git ls-files --stage -- /home/amrit123dahal/Class12ComputerContent/Chapter5.html [9ms]
[2022-05-23T06:12:39.306Z] > git cat-file -s dee8a3784060588305a7db82a474ecae5c0b019e [4ms]
[2022-05-23T06:12:39.848Z] > git check-ignore -v -z --stdin [35ms]
[2022-05-23T06:49:00.357Z] > git status -z -uall [12ms]
[2022-05-23T06:49:00.378Z] > git symbolic-ref --short HEAD [6ms]
[2022-05-23T06:49:00.403Z] > git for-each-ref --format=%(refname)%00%(upstream:short)%00%(objectname)%00%(upstream:track)%00%(upstream:remotename)%00%(upstream:remoteref) refs/heads/main refs/remotes/main [7ms]
[2022-05-23T06:49:00.438Z] > git remote --verbose [6ms]
[2022-05-23T06:49:00.441Z] > git for-each-ref --sort -committerdate --format %(refname) %(objectname) %(*objectname) [23ms]
[2022-05-23T06:49:00.478Z] > git config --get commit.template [5ms]
[2022-05-23T06:50:12.205Z] > git status -z -uall [44ms]
[2022-05-23T06:50:12.239Z] > git symbolic-ref --short HEAD [11ms]
[2022-05-23T06:50:12.301Z] > git for-each-ref --format=%(refname)%00%(upstream:short)%00%(objectname)%00%(upstream:track)%00%(upstream:remotename)%00%(upstream:remoteref) refs/heads/main refs/remotes/main [10ms]
[2022-05-23T06:50:12.336Z] > git for-each-ref --sort -committerdate --format %(refname) %(objectname) %(*objectname) [19ms]
[2022-05-23T06:50:12.343Z] > git remote --verbose [10ms]
[2022-05-23T06:50:12.481Z] > git config --get commit.template [42ms]
[2022-05-23T06:52:57.391Z] > git status -z -uall [8ms]
[2022-05-23T06:52:57.428Z] > git symbolic-ref --short HEAD [12ms]
[2022-05-23T06:52:57.452Z] > git for-each-ref --format=%(refname)%00%(upstream:short)%00%(objectname)%00%(upstream:track)%00%(upstream:remotename)%00%(upstream:remoteref) refs/heads/main refs/remotes/main [3ms]
[2022-05-23T06:52:57.515Z] > git for-each-ref --sort -committerdate --format %(refname) %(objectname) %(*objectname) [33ms]
[2022-05-23T06:52:57.531Z] > git remote --verbose [22ms]
[2022-05-23T06:52:57.598Z] > git config --get commit.template [14ms]
[2022-05-23T06:54:54.344Z] > git status -z -uall [36ms]
[2022-05-23T06:54:54.373Z] > git symbolic-ref --short HEAD [12ms]
[2022-05-23T06:54:54.401Z] > git for-each-ref --format=%(refname)%00%(upstream:short)%00%(objectname)%00%(upstream:track)%00%(upstream:remotename)%00%(upstream:remoteref) refs/heads/main refs/remotes/main [8ms]
[2022-05-23T06:54:54.486Z] > git for-each-ref --sort -committerdate --format %(refname) %(objectname) %(*objectname) [68ms]
[2022-05-23T06:54:54.502Z] > git remote --verbose [24ms]
[2022-05-23T06:54:54.553Z] > git config --get commit.template [7ms]
[2022-05-23T07:00:43.624Z] > git status -z -uall [10ms]
[2022-05-23T07:00:43.640Z] > git symbolic-ref --short HEAD [4ms]
[2022-05-23T07:00:43.662Z] > git for-each-ref --format=%(refname)%00%(upstream:short)%00%(objectname)%00%(upstream:track)%00%(upstream:remotename)%00%(upstream:remoteref) refs/heads/main refs/remotes/main [8ms]
[2022-05-23T07:00:43.686Z] > git for-each-ref --sort -committerdate --format %(refname) %(objectname) %(*objectname) [13ms]
[2022-05-23T07:00:43.690Z] > git remote --verbose [6ms]
[2022-05-23T07:00:43.714Z] > git config --get commit.template [3ms]
[2022-05-23T07:02:02.062Z] > git status -z -uall [29ms]
[2022-05-23T07:02:02.110Z] > git symbolic-ref --short HEAD [13ms]
[2022-05-23T07:02:02.136Z] > git for-each-ref --format=%(refname)%00%(upstream:short)%00%(objectname)%00%(upstream:track)%00%(upstream:remotename)%00%(upstream:remoteref) refs/heads/main refs/remotes/main [7ms]
[2022-05-23T07:02:02.172Z] > git for-each-ref --sort -committerdate --format %(refname) %(objectname) %(*objectname) [26ms]
[2022-05-23T07:02:02.179Z] > git remote --verbose [10ms]
[2022-05-23T07:02:02.214Z] > git config --get commit.template [8ms]
[2022-05-23T07:04:26.750Z] > git status -z -uall [36ms]
[2022-05-23T07:04:26.771Z] > git symbolic-ref --short HEAD [8ms]
[2022-05-23T07:04:26.855Z] > git for-each-ref --format=%(refname)%00%(upstream:short)%00%(objectname)%00%(upstream:track)%00%(upstream:remotename)%00%(upstream:remoteref) refs/heads/main refs/remotes/main [13ms]
[2022-05-23T07:04:26.904Z] > git for-each-ref --sort -committerdate --format %(refname) %(objectname) %(*objectname) [30ms]
[2022-05-23T07:04:26.917Z] > git remote --verbose [17ms]
[2022-05-23T07:04:26.975Z] > git config --get commit.template [4ms]
[2022-05-23T07:07:12.186Z] > git status -z -uall [34ms]
[2022-05-23T07:07:12.202Z] > git symbolic-ref --short HEAD [3ms]
[2022-05-23T07:07:12.223Z] > git for-each-ref --format=%(refname)%00%(upstream:short)%00%(objectname)%00%(upstream:track)%00%(upstream:remotename)%00%(upstream:remoteref) refs/heads/main refs/remotes/main [7ms]
[2022-05-23T07:07:12.255Z] > git remote --verbose [5ms]
[2022-05-23T07:07:12.257Z] > git for-each-ref --sort -committerdate --format %(refname) %(objectname) %(*objectname) [19ms]
[2022-05-23T07:07:12.288Z] > git config --get commit.template [9ms]
[2022-05-23T07:08:35.393Z] > git status -z -uall [7ms]
[2022-05-23T07:08:35.413Z] > git symbolic-ref --short HEAD [5ms]
[2022-05-23T07:08:35.433Z] > git for-each-ref --format=%(refname)%00%(upstream:short)%00%(objectname)%00%(upstream:track)%00%(upstream:remotename)%00%(upstream:remoteref) refs/heads/main refs/remotes/main [6ms]
[2022-05-23T07:08:35.465Z] > git for-each-ref --sort -committerdate --format %(refname) %(objectname) %(*objectname) [18ms]
[2022-05-23T07:08:35.467Z] > git remote --verbose [6ms]
[2022-05-23T07:08:35.510Z] > git config --get commit.template [21ms]
[2022-05-23T07:08:35.513Z] > git ls-files --stage -- /home/amrit123dahal/Class12ComputerContent/Chapter5.html [6ms]
[2022-05-23T07:08:35.534Z] > git cat-file -s dee8a3784060588305a7db82a474ecae5c0b019e [5ms]
[2022-05-23T07:08:35.564Z] > git show --textconv :Chapter5.html [6ms]
