[Info  - 06:54:37.797] Reading sessions from keychain...
[Info  - 06:54:38.114] Getting sessions for user:email...
[Info  - 06:54:38.115] Getting sessions for all scopes...
[Info  - 06:54:38.406] Got 0 sessions for user:email...
[Info  - 06:54:38.406] Got 0 sessions for ...
[Info  - 08:54:52.357] Getting sessions for repo,workflow...
[Info  - 08:54:52.357] Got 0 sessions for repo,workflow...
[Info  - 08:55:24.887] Logging in for the following scopes: repo workflow
[Info  - 08:55:24.911] Trying without local server... (repo workflow)
[Trace  - 08:55:46.495] Handling Uri...
[Info  - 08:55:46.500] Exchanging code for token...
[Info  - 08:55:47.660] Token exchange success!
[Info  - 08:55:47.662] Getting user info...
[Info  - 08:55:48.911] Got account info!
[Info  - 08:55:48.913] Storing 1 sessions...
[Error  - 08:55:49.155] Setting token failed: Error: GDBus.Error:org.freedesktop.DBus.Error.ServiceUnknown: The name org.freedesktop.secrets was not provided by any .service files
[Info  - 08:55:49.155] Stored 1 sessions!
[Info  - 08:55:49.156] Login success!
[Info  - 08:55:49.214] Getting sessions for user:email...
[Info  - 08:55:49.215] Got 0 sessions for user:email...
[Info  - 08:57:55.751] Getting sessions for repo,workflow...
[Info  - 08:57:55.751] Got 1 sessions for repo,workflow...
[Info  - 08:58:27.770] Getting sessions for repo,workflow...
[Info  - 08:58:27.770] Got 1 sessions for repo,workflow...
[Info  - 08:58:42.176] Getting sessions for repo,workflow...
[Info  - 08:58:42.177] Got 1 sessions for repo,workflow...
[Info  - 08:59:41.214] Getting sessions for repo,workflow...
[Info  - 08:59:41.215] Got 1 sessions for repo,workflow...
[Info  - 08:00:15.991] Getting sessions for repo,workflow...
[Info  - 08:00:15.991] Got 1 sessions for repo,workflow...
[Info  - 08:04:44.906] Getting sessions for repo,workflow...
[Info  - 08:04:44.907] Got 1 sessions for repo,workflow...
[Info  - 08:07:56.131] Getting sessions for repo,workflow...
[Info  - 08:07:56.131] Got 1 sessions for repo,workflow...
[Info  - 08:09:27.312] Getting sessions for repo,workflow...
[Info  - 08:09:27.313] Got 1 sessions for repo,workflow...
[Info  - 08:14:36.605] Getting sessions for repo,workflow...
[Info  - 08:14:36.607] Got 1 sessions for repo,workflow...
[Info  - 08:14:50.548] Getting sessions for repo,workflow...
[Info  - 08:14:50.548] Got 1 sessions for repo,workflow...
