[2022-05-24T06:09:59.934Z] Validating found git in: git
[2022-05-24T06:10:00.410Z] Using git 2.30.2 from git
[2022-05-24T06:10:00.683Z] > git rev-parse --show-toplevel [130ms]
[2022-05-24T06:10:00.782Z] > git rev-parse --git-dir --git-common-dir [21ms]
[2022-05-24T06:10:00.850Z] Open repository: /home/amrit123dahal/Class12ComputerContent
[2022-05-24T06:10:01.103Z] > git status -z -uall [170ms]
[2022-05-24T06:10:01.340Z] > git symbolic-ref --short HEAD [120ms]
[2022-05-24T06:10:01.446Z] > git for-each-ref --format=%(refname)%00%(upstream:short)%00%(objectname)%00%(upstream:track)%00%(upstream:remotename)%00%(upstream:remoteref) refs/heads/amrit refs/remotes/amrit [54ms]
[2022-05-24T06:10:01.604Z] > git for-each-ref --sort -committerdate --format %(refname) %(objectname) %(*objectname) [65ms]
[2022-05-24T06:10:01.940Z] > git remote --verbose [341ms]
[2022-05-24T06:10:02.623Z] > git config --get commit.template [431ms]
[2022-05-24T06:10:02.827Z] > git check-ignore -v -z --stdin [126ms]
[2022-05-24T06:10:04.077Z] > git show --textconv :chapter6.html [687ms]
[2022-05-24T06:10:04.078Z] > git ls-files --stage -- /home/amrit123dahal/Class12ComputerContent/chapter6.html [489ms]
[2022-05-24T06:10:04.171Z] > git cat-file -s 5dc9526ec16e9fcf696822d06a62f5b338d688f3 [37ms]
[2022-05-24T07:36:53.410Z] > git status -z -uall [15ms]
[2022-05-24T07:36:53.457Z] > git symbolic-ref --short HEAD [21ms]
[2022-05-24T07:36:53.479Z] > git for-each-ref --format=%(refname)%00%(upstream:short)%00%(objectname)%00%(upstream:track)%00%(upstream:remotename)%00%(upstream:remoteref) refs/heads/amrit refs/remotes/amrit [5ms]
[2022-05-24T07:36:53.499Z] > git for-each-ref --sort -committerdate --format %(refname) %(objectname) %(*objectname) [11ms]
[2022-05-24T07:36:53.503Z] > git remote --verbose [7ms]
[2022-05-24T07:36:53.541Z] > git config --get commit.template [19ms]
[2022-05-24T07:42:50.232Z] > git status -z -uall [7ms]
[2022-05-24T07:42:50.247Z] > git symbolic-ref --short HEAD [1ms]
[2022-05-24T07:42:50.264Z] > git for-each-ref --format=%(refname)%00%(upstream:short)%00%(objectname)%00%(upstream:track)%00%(upstream:remotename)%00%(upstream:remoteref) refs/heads/amrit refs/remotes/amrit [1ms]
[2022-05-24T07:42:50.299Z] > git for-each-ref --sort -committerdate --format %(refname) %(objectname) %(*objectname) [15ms]
[2022-05-24T07:42:50.301Z] > git remote --verbose [4ms]
[2022-05-24T07:42:50.321Z] > git config --get commit.template [3ms]
[2022-05-25T08:27:23.994Z] > git status -z -uall [5ms]
[2022-05-25T08:27:24.011Z] > git symbolic-ref --short HEAD [7ms]
[2022-05-25T08:27:24.025Z] > git for-each-ref --format=%(refname)%00%(upstream:short)%00%(objectname)%00%(upstream:track)%00%(upstream:remotename)%00%(upstream:remoteref) refs/heads/amrit refs/remotes/amrit [4ms]
[2022-05-25T08:27:24.048Z] > git for-each-ref --sort -committerdate --format %(refname) %(objectname) %(*objectname) [13ms]
[2022-05-25T08:27:24.049Z] > git remote --verbose [5ms]
[2022-05-25T08:27:24.071Z] > git config --get commit.template [6ms]
[2022-05-25T08:32:36.816Z] > git status -z -uall [15ms]
[2022-05-25T08:32:36.855Z] > git symbolic-ref --short HEAD [17ms]
[2022-05-25T08:32:36.893Z] > git for-each-ref --format=%(refname)%00%(upstream:short)%00%(objectname)%00%(upstream:track)%00%(upstream:remotename)%00%(upstream:remoteref) refs/heads/amrit refs/remotes/amrit [19ms]
[2022-05-25T08:32:36.931Z] > git remote --verbose [3ms]
[2022-05-25T08:32:36.932Z] > git for-each-ref --sort -committerdate --format %(refname) %(objectname) %(*objectname) [19ms]
[2022-05-25T08:32:36.960Z] > git config --get commit.template [8ms]
[2022-05-25T08:40:51.241Z] > git status -z -uall [3ms]
[2022-05-25T08:40:51.258Z] > git symbolic-ref --short HEAD [6ms]
[2022-05-25T08:40:51.274Z] > git for-each-ref --format=%(refname)%00%(upstream:short)%00%(objectname)%00%(upstream:track)%00%(upstream:remotename)%00%(upstream:remoteref) refs/heads/amrit refs/remotes/amrit [5ms]
[2022-05-25T08:40:51.319Z] > git for-each-ref --sort -committerdate --format %(refname) %(objectname) %(*objectname) [29ms]
[2022-05-25T08:40:51.321Z] > git remote --verbose [10ms]
[2022-05-25T08:40:51.353Z] > git config --get commit.template [4ms]
[2022-05-25T08:52:16.069Z] > git status -z -uall [12ms]
[2022-05-25T08:52:16.118Z] > git symbolic-ref --short HEAD [11ms]
[2022-05-25T08:52:16.180Z] > git for-each-ref --format=%(refname)%00%(upstream:short)%00%(objectname)%00%(upstream:track)%00%(upstream:remotename)%00%(upstream:remoteref) refs/heads/amrit refs/remotes/amrit [20ms]
[2022-05-25T08:52:16.293Z] > git for-each-ref --sort -committerdate --format %(refname) %(objectname) %(*objectname) [60ms]
[2022-05-25T08:52:16.308Z] > git remote --verbose [20ms]
[2022-05-25T08:52:16.368Z] > git config --get commit.template [31ms]
[2022-05-25T08:55:06.453Z] > git status -z -uall [6ms]
[2022-05-25T08:55:06.472Z] > git symbolic-ref --short HEAD [9ms]
[2022-05-25T08:55:06.489Z] > git for-each-ref --format=%(refname)%00%(upstream:short)%00%(objectname)%00%(upstream:track)%00%(upstream:remotename)%00%(upstream:remoteref) refs/heads/amrit refs/remotes/amrit [5ms]
[2022-05-25T08:55:06.528Z] > git for-each-ref --sort -committerdate --format %(refname) %(objectname) %(*objectname) [20ms]
[2022-05-25T08:55:06.529Z] > git remote --verbose [5ms]
[2022-05-25T08:55:06.549Z] > git config --get commit.template [2ms]
[2022-05-25T09:01:04.614Z] > git status -z -uall [10ms]
[2022-05-25T09:01:04.636Z] > git symbolic-ref --short HEAD [6ms]
[2022-05-25T09:01:04.660Z] > git for-each-ref --format=%(refname)%00%(upstream:short)%00%(objectname)%00%(upstream:track)%00%(upstream:remotename)%00%(upstream:remoteref) refs/heads/amrit refs/remotes/amrit [6ms]
[2022-05-25T09:01:04.702Z] > git remote --verbose [6ms]
[2022-05-25T09:01:04.703Z] > git for-each-ref --sort -committerdate --format %(refname) %(objectname) %(*objectname) [25ms]
[2022-05-25T09:01:04.721Z] > git config --get commit.template [5ms]
[2022-05-25T09:02:41.207Z] > git status -z -uall [8ms]
[2022-05-25T09:02:41.225Z] > git symbolic-ref --short HEAD [4ms]
[2022-05-25T09:02:41.240Z] > git for-each-ref --format=%(refname)%00%(upstream:short)%00%(objectname)%00%(upstream:track)%00%(upstream:remotename)%00%(upstream:remoteref) refs/heads/amrit refs/remotes/amrit [1ms]
[2022-05-25T09:02:41.262Z] > git for-each-ref --sort -committerdate --format %(refname) %(objectname) %(*objectname) [12ms]
[2022-05-25T09:02:41.263Z] > git remote --verbose [3ms]
[2022-05-25T09:02:41.278Z] > git config --get commit.template [2ms]
[2022-05-25T09:17:28.394Z] > git status -z -uall [6ms]
[2022-05-25T09:17:28.408Z] > git symbolic-ref --short HEAD [3ms]
[2022-05-25T09:17:28.425Z] > git for-each-ref --format=%(refname)%00%(upstream:short)%00%(objectname)%00%(upstream:track)%00%(upstream:remotename)%00%(upstream:remoteref) refs/heads/amrit refs/remotes/amrit [8ms]
[2022-05-25T09:17:28.460Z] > git for-each-ref --sort -committerdate --format %(refname) %(objectname) %(*objectname) [24ms]
[2022-05-25T09:17:28.463Z] > git remote --verbose [6ms]
[2022-05-25T09:17:28.491Z] > git config --get commit.template [4ms]
[2022-05-25T09:18:06.951Z] > git status -z -uall [7ms]
[2022-05-25T09:18:06.973Z] > git symbolic-ref --short HEAD [5ms]
[2022-05-25T09:18:06.994Z] > git for-each-ref --format=%(refname)%00%(upstream:short)%00%(objectname)%00%(upstream:track)%00%(upstream:remotename)%00%(upstream:remoteref) refs/heads/amrit refs/remotes/amrit [7ms]
[2022-05-25T09:18:07.015Z] > git for-each-ref --sort -committerdate --format %(refname) %(objectname) %(*objectname) [12ms]
[2022-05-25T09:18:07.018Z] > git remote --verbose [5ms]
[2022-05-25T09:18:07.033Z] > git config --get commit.template [3ms]
[2022-05-25T09:32:23.248Z] > git status -z -uall [51ms]
[2022-05-25T09:32:23.296Z] > git symbolic-ref --short HEAD [14ms]
[2022-05-25T09:32:23.329Z] > git for-each-ref --format=%(refname)%00%(upstream:short)%00%(objectname)%00%(upstream:track)%00%(upstream:remotename)%00%(upstream:remoteref) refs/heads/amrit refs/remotes/amrit [15ms]
[2022-05-25T09:32:23.377Z] > git for-each-ref --sort -committerdate --format %(refname) %(objectname) %(*objectname) [32ms]
[2022-05-25T09:32:23.378Z] > git ls-files --stage -- /home/amrit123dahal/Class12ComputerContent/chapter6.html [2ms]
[2022-05-25T09:32:23.390Z] > git remote --verbose [34ms]
[2022-05-25T09:32:23.412Z] > git cat-file -s 798a95d790fae9159893fd4ebd9e7d1de81bf89b [22ms]
[2022-05-25T09:32:23.417Z] > git config --get commit.template [6ms]
[2022-05-25T09:32:23.465Z] > git show --textconv :chapter6.html [13ms]
[2022-05-25T09:38:48.783Z] > git status -z -uall [15ms]
[2022-05-25T09:38:48.823Z] > git symbolic-ref --short HEAD [21ms]
[2022-05-25T09:38:48.850Z] > git ls-files --stage -- /home/amrit123dahal/Class12ComputerContent/chapter6.html [28ms]
[2022-05-25T09:38:48.870Z] > git for-each-ref --format=%(refname)%00%(upstream:short)%00%(objectname)%00%(upstream:track)%00%(upstream:remotename)%00%(upstream:remoteref) refs/heads/amrit refs/remotes/amrit [21ms]
[2022-05-25T09:38:48.901Z] > git cat-file -s 798a95d790fae9159893fd4ebd9e7d1de81bf89b [32ms]
[2022-05-25T09:38:48.904Z] > git for-each-ref --sort -committerdate --format %(refname) %(objectname) %(*objectname) [20ms]
[2022-05-25T09:38:48.908Z] > git remote --verbose [12ms]
[2022-05-25T09:38:48.927Z] > git config --get commit.template [5ms]
[2022-05-25T09:38:49.072Z] > git show --textconv :chapter6.html [17ms]
[2022-05-25T09:43:43.935Z] > git status -z -uall [7ms]
[2022-05-25T09:43:43.961Z] > git symbolic-ref --short HEAD [8ms]
[2022-05-25T09:43:43.981Z] > git for-each-ref --format=%(refname)%00%(upstream:short)%00%(objectname)%00%(upstream:track)%00%(upstream:remotename)%00%(upstream:remoteref) refs/heads/amrit refs/remotes/amrit [6ms]
[2022-05-25T09:43:44.004Z] > git for-each-ref --sort -committerdate --format %(refname) %(objectname) %(*objectname) [11ms]
[2022-05-25T09:43:44.006Z] > git remote --verbose [4ms]
[2022-05-25T09:43:44.035Z] > git ls-files --stage -- /home/amrit123dahal/Class12ComputerContent/chapter6.html [15ms]
[2022-05-25T09:43:44.046Z] > git config --get commit.template [13ms]
[2022-05-25T09:43:44.048Z] > git cat-file -s 798a95d790fae9159893fd4ebd9e7d1de81bf89b [3ms]
[2022-05-25T09:43:44.067Z] > git show --textconv :chapter6.html [5ms]
[2022-05-25T09:43:53.677Z] > git status -z -uall [7ms]
[2022-05-25T09:43:53.698Z] > git symbolic-ref --short HEAD [5ms]
[2022-05-25T09:43:53.717Z] > git for-each-ref --format=%(refname)%00%(upstream:short)%00%(objectname)%00%(upstream:track)%00%(upstream:remotename)%00%(upstream:remoteref) refs/heads/amrit refs/remotes/amrit [3ms]
[2022-05-25T09:43:53.741Z] > git for-each-ref --sort -committerdate --format %(refname) %(objectname) %(*objectname) [14ms]
[2022-05-25T09:43:53.742Z] > git remote --verbose [3ms]
[2022-05-25T09:43:53.778Z] > git config --get commit.template [20ms]
[2022-05-25T09:43:53.779Z] > git ls-files --stage -- /home/amrit123dahal/Class12ComputerContent/chapter6.html [3ms]
[2022-05-25T09:43:53.791Z] > git cat-file -s 798a95d790fae9159893fd4ebd9e7d1de81bf89b [3ms]
[2022-05-25T09:43:53.810Z] > git show --textconv :chapter6.html [5ms]
[2022-05-25T10:08:06.679Z] > git status -z -uall [9ms]
[2022-05-25T10:08:06.705Z] > git symbolic-ref --short HEAD [8ms]
[2022-05-25T10:08:06.728Z] > git for-each-ref --format=%(refname)%00%(upstream:short)%00%(objectname)%00%(upstream:track)%00%(upstream:remotename)%00%(upstream:remoteref) refs/heads/amrit refs/remotes/amrit [6ms]
[2022-05-25T10:08:06.768Z] > git for-each-ref --sort -committerdate --format %(refname) %(objectname) %(*objectname) [20ms]
[2022-05-25T10:08:06.772Z] > git remote --verbose [6ms]
[2022-05-25T10:08:06.798Z] > git ls-files --stage -- /home/amrit123dahal/Class12ComputerContent/chapter6.html [13ms]
[2022-05-25T10:08:06.812Z] > git config --get commit.template [18ms]
[2022-05-25T10:08:06.813Z] > git cat-file -s 798a95d790fae9159893fd4ebd9e7d1de81bf89b [2ms]
[2022-05-25T10:08:06.838Z] > git show --textconv :chapter6.html [7ms]
[2022-05-25T10:11:25.571Z] > git status -z -uall [7ms]
[2022-05-25T10:11:25.597Z] > git symbolic-ref --short HEAD [9ms]
[2022-05-25T10:11:25.617Z] > git for-each-ref --format=%(refname)%00%(upstream:short)%00%(objectname)%00%(upstream:track)%00%(upstream:remotename)%00%(upstream:remoteref) refs/heads/amrit refs/remotes/amrit [6ms]
[2022-05-25T10:11:25.648Z] > git for-each-ref --sort -committerdate --format %(refname) %(objectname) %(*objectname) [12ms]
[2022-05-25T10:11:25.649Z] > git remote --verbose [3ms]
[2022-05-25T10:11:25.675Z] > git config --get commit.template [15ms]
[2022-05-25T10:11:25.676Z] > git ls-files --stage -- /home/amrit123dahal/Class12ComputerContent/chapter6.html [5ms]
[2022-05-25T10:11:25.689Z] > git cat-file -s 798a95d790fae9159893fd4ebd9e7d1de81bf89b [3ms]
[2022-05-25T10:11:25.709Z] > git show --textconv :chapter6.html [6ms]
[2022-05-27T00:22:59.232Z] > git check-ignore -v -z --stdin [13ms]
[2022-05-27T00:22:59.361Z] > git show --textconv :chapter7.html [29ms]
[2022-05-27T00:22:59.382Z] > git ls-files --stage -- /home/amrit123dahal/Class12ComputerContent/chapter7.html [22ms]
[2022-05-27T00:22:59.416Z] > git cat-file -s 0c78ac03944661da3ee86f879405e457870d7522 [18ms]
[2022-05-27T00:45:22.805Z] > git status -z -uall [5ms]
[2022-05-27T00:45:22.820Z] > git symbolic-ref --short HEAD [4ms]
[2022-05-27T00:45:22.835Z] > git for-each-ref --format=%(refname)%00%(upstream:short)%00%(objectname)%00%(upstream:track)%00%(upstream:remotename)%00%(upstream:remoteref) refs/heads/amrit refs/remotes/amrit [5ms]
[2022-05-27T00:45:22.862Z] > git for-each-ref --sort -committerdate --format %(refname) %(objectname) %(*objectname) [15ms]
[2022-05-27T00:45:22.863Z] > git remote --verbose [7ms]
[2022-05-27T00:45:22.894Z] > git config --get commit.template [14ms]
[2022-05-27T00:46:32.292Z] > git status -z -uall [4ms]
[2022-05-27T00:46:32.313Z] > git symbolic-ref --short HEAD [5ms]
[2022-05-27T00:46:32.330Z] > git for-each-ref --format=%(refname)%00%(upstream:short)%00%(objectname)%00%(upstream:track)%00%(upstream:remotename)%00%(upstream:remoteref) refs/heads/amrit refs/remotes/amrit [5ms]
[2022-05-27T00:46:32.357Z] > git remote --verbose [3ms]
[2022-05-27T00:46:32.357Z] > git for-each-ref --sort -committerdate --format %(refname) %(objectname) %(*objectname) [16ms]
[2022-05-27T00:46:32.381Z] > git config --get commit.template [4ms]
[2022-05-27T00:49:26.098Z] > git status -z -uall [13ms]
[2022-05-27T00:49:26.118Z] > git symbolic-ref --short HEAD [4ms]
[2022-05-27T00:49:26.143Z] > git for-each-ref --format=%(refname)%00%(upstream:short)%00%(objectname)%00%(upstream:track)%00%(upstream:remotename)%00%(upstream:remoteref) refs/heads/amrit refs/remotes/amrit [8ms]
[2022-05-27T00:49:26.182Z] > git for-each-ref --sort -committerdate --format %(refname) %(objectname) %(*objectname) [22ms]
[2022-05-27T00:49:26.188Z] > git remote --verbose [8ms]
[2022-05-27T00:49:26.218Z] > git config --get commit.template [7ms]
[2022-05-27T00:50:37.488Z] > git status -z -uall [10ms]
[2022-05-27T00:50:37.511Z] > git symbolic-ref --short HEAD [5ms]
[2022-05-27T00:50:37.534Z] > git for-each-ref --format=%(refname)%00%(upstream:short)%00%(objectname)%00%(upstream:track)%00%(upstream:remotename)%00%(upstream:remoteref) refs/heads/amrit refs/remotes/amrit [7ms]
[2022-05-27T00:50:37.557Z] > git for-each-ref --sort -committerdate --format %(refname) %(objectname) %(*objectname) [12ms]
[2022-05-27T00:50:37.558Z] > git remote --verbose [4ms]
[2022-05-27T00:50:37.576Z] > git config --get commit.template [5ms]
[2022-05-27T00:50:37.604Z] > git ls-files --stage -- /home/amrit123dahal/Class12ComputerContent/chapter7.html [6ms]
[2022-05-27T00:50:37.622Z] > git cat-file -s a9971aef9d16d24b254af2856bd11433e19437ea [5ms]
[2022-05-27T00:50:37.645Z] > git show --textconv :chapter7.html [4ms]
[2022-05-27T00:51:06.863Z] > git status -z -uall [9ms]
[2022-05-27T00:51:06.876Z] > git symbolic-ref --short HEAD [3ms]
[2022-05-27T00:51:06.890Z] > git for-each-ref --format=%(refname)%00%(upstream:short)%00%(objectname)%00%(upstream:track)%00%(upstream:remotename)%00%(upstream:remoteref) refs/heads/amrit refs/remotes/amrit [4ms]
[2022-05-27T00:51:06.914Z] > git for-each-ref --sort -committerdate --format %(refname) %(objectname) %(*objectname) [12ms]
[2022-05-27T00:51:06.915Z] > git remote --verbose [3ms]
[2022-05-27T00:51:06.936Z] > git config --get commit.template [5ms]
[2022-05-27T00:51:07.025Z] > git ls-files --stage -- /home/amrit123dahal/Class12ComputerContent/chapter7.html [8ms]
[2022-05-27T00:51:07.041Z] > git cat-file -s a9971aef9d16d24b254af2856bd11433e19437ea [4ms]
[2022-05-27T00:51:07.085Z] > git show --textconv :chapter7.html [8ms]
[2022-05-27T00:53:11.299Z] > git status -z -uall [14ms]
[2022-05-27T00:53:11.338Z] > git symbolic-ref --short HEAD [14ms]
[2022-05-27T00:53:11.378Z] > git for-each-ref --format=%(refname)%00%(upstream:short)%00%(objectname)%00%(upstream:track)%00%(upstream:remotename)%00%(upstream:remoteref) refs/heads/amrit refs/remotes/amrit [15ms]
[2022-05-27T00:53:11.428Z] > git remote --verbose [4ms]
[2022-05-27T00:53:11.433Z] > git for-each-ref --sort -committerdate --format %(refname) %(objectname) %(*objectname) [31ms]
[2022-05-27T00:53:11.462Z] > git config --get commit.template [4ms]
[2022-05-27T06:53:41.491Z] > git status -z -uall [8ms]
[2022-05-27T06:53:41.522Z] > git symbolic-ref --short HEAD [9ms]
[2022-05-27T06:53:41.562Z] > git for-each-ref --format=%(refname)%00%(upstream:short)%00%(objectname)%00%(upstream:track)%00%(upstream:remotename)%00%(upstream:remoteref) refs/heads/amrit refs/remotes/amrit [17ms]
[2022-05-27T06:53:41.612Z] > git for-each-ref --sort -committerdate --format %(refname) %(objectname) %(*objectname) [24ms]
[2022-05-27T06:53:41.614Z] > git remote --verbose [6ms]
[2022-05-27T06:53:41.637Z] > git config --get commit.template [2ms]
