[Info  - 06:55:05.129] Reading sessions from keychain...
[Info  - 06:55:06.388] Getting sessions for user:email...
[Info  - 06:55:06.531] Got 0 sessions for user:email...
[Info  - 06:55:06.863] Getting sessions for all scopes...
[Info  - 06:55:06.864] Got 0 sessions for ...
[Info  - 11:18:16.427] Getting sessions for repo,workflow...
[Info  - 11:18:16.428] Got 0 sessions for repo,workflow...
[Info  - 11:18:22.714] Logging in for the following scopes: repo workflow
[Info  - 11:18:22.728] Trying without local server... (repo workflow)
[Trace  - 11:18:29.410] Handling Uri...
[Info  - 11:18:29.413] Exchanging code for token...
[Info  - 11:18:30.465] Token exchange success!
[Info  - 11:18:30.466] Getting user info...
[Info  - 11:18:31.302] Got account info!
[Info  - 11:18:31.304] Storing 1 sessions...
[Error  - 11:18:31.440] Setting token failed: Error: GDBus.Error:org.freedesktop.DBus.Error.ServiceUnknown: The name org.freedesktop.secrets was not provided by any .service files
[Info  - 11:18:31.441] Stored 1 sessions!
[Info  - 11:18:31.441] Login success!
[Info  - 11:18:31.466] Getting sessions for user:email...
[Info  - 11:18:31.467] Got 0 sessions for user:email...
[Info  - 09:04:18.233] Getting sessions for repo,workflow...
[Info  - 09:04:18.234] Got 1 sessions for repo,workflow...
[Info  - 09:09:15.520] Getting sessions for repo,workflow...
[Info  - 09:09:15.520] Got 1 sessions for repo,workflow...
