[Info  - 09:59:55.554] Reading sessions from keychain...
[Info  - 09:59:55.747] Getting sessions for user:email...
[Info  - 09:59:56.81] Got 0 sessions for user:email...
[Info  - 09:00:03.384] Getting sessions for all scopes...
[Info  - 09:00:03.396] Got 0 sessions for ...
[Info  - 05:38:41.22] Getting sessions for repo,workflow...
[Info  - 05:38:41.22] Got 0 sessions for repo,workflow...
[Info  - 05:38:44.199] Logging in for the following scopes: repo workflow
[Info  - 05:38:44.241] Trying without local server... (repo workflow)
[Trace  - 05:38:57.203] Handling Uri...
[Info  - 05:38:57.208] Exchanging code for token...
[Info  - 05:38:58.341] Token exchange success!
[Info  - 05:38:58.351] Getting user info...
[Info  - 05:38:59.319] Got account info!
[Info  - 05:38:59.320] Storing 1 sessions...
[Error  - 05:38:59.455] Setting token failed: Error: GDBus.Error:org.freedesktop.DBus.Error.ServiceUnknown: The name org.freedesktop.secrets was not provided by any .service files
[Info  - 05:38:59.455] Stored 1 sessions!
[Info  - 05:38:59.468] Login success!
[Info  - 05:38:59.591] Getting sessions for user:email...
[Info  - 05:38:59.592] Got 0 sessions for user:email...
[Trace  - 05:39:08.783] Handling Uri...
[Info  - 06:49:44.533] Getting sessions for repo,workflow...
[Info  - 06:49:44.533] Got 1 sessions for repo,workflow...
